<?xml version="1.0" encoding="UTF-8"?>
<testsuite name="de.tech26.robotfactory.acceptance.OrderARobotAcceptanceTest" tests="4" skipped="0" failures="0" errors="0" timestamp="2021-10-09T23:10:54" hostname="Furkans-MacBook-Pro.local" time="1.989">
  <properties/>
  <testcase name="should order a robot()" classname="de.tech26.robotfactory.acceptance.OrderARobotAcceptanceTest" time="1.882"/>
  <testcase name="should not allow invalid body()" classname="de.tech26.robotfactory.acceptance.OrderARobotAcceptanceTest" time="0.039"/>
  <testcase name="should not allow invalid robot configuration()" classname="de.tech26.robotfactory.acceptance.OrderARobotAcceptanceTest" time="0.02"/>
  <testcase name="should not allow out of stock part include robot configuration()" classname="de.tech26.robotfactory.acceptance.OrderARobotAcceptanceTest" time="0.025"/>
  <system-out><![CDATA[01:10:50.016 [Test worker] DEBUG org.springframework.test.context.BootstrapUtils - Instantiating CacheAwareContextLoaderDelegate from class [org.springframework.test.context.cache.DefaultCacheAwareContextLoaderDelegate]
01:10:50.058 [Test worker] DEBUG org.springframework.test.context.BootstrapUtils - Instantiating BootstrapContext using constructor [public org.springframework.test.context.support.DefaultBootstrapContext(java.lang.Class,org.springframework.test.context.CacheAwareContextLoaderDelegate)]
01:10:50.112 [Test worker] DEBUG org.springframework.test.context.BootstrapUtils - Instantiating TestContextBootstrapper for test class [de.tech26.robotfactory.acceptance.OrderARobotAcceptanceTest] from class [org.springframework.boot.test.context.SpringBootTestContextBootstrapper]
01:10:50.148 [Test worker] INFO org.springframework.boot.test.context.SpringBootTestContextBootstrapper - Neither @ContextConfiguration nor @ContextHierarchy found for test class [de.tech26.robotfactory.acceptance.OrderARobotAcceptanceTest], using SpringBootContextLoader
01:10:50.156 [Test worker] DEBUG org.springframework.test.context.support.AbstractContextLoader - Did not detect default resource location for test class [de.tech26.robotfactory.acceptance.OrderARobotAcceptanceTest]: class path resource [de/tech26/robotfactory/acceptance/OrderARobotAcceptanceTest-context.xml] does not exist
01:10:50.156 [Test worker] DEBUG org.springframework.test.context.support.AbstractContextLoader - Did not detect default resource location for test class [de.tech26.robotfactory.acceptance.OrderARobotAcceptanceTest]: class path resource [de/tech26/robotfactory/acceptance/OrderARobotAcceptanceTestContext.groovy] does not exist
01:10:50.157 [Test worker] INFO org.springframework.test.context.support.AbstractContextLoader - Could not detect default resource locations for test class [de.tech26.robotfactory.acceptance.OrderARobotAcceptanceTest]: no resource found for suffixes {-context.xml, Context.groovy}.
01:10:50.158 [Test worker] INFO org.springframework.test.context.support.AnnotationConfigContextLoaderUtils - Could not detect default configuration classes for test class [de.tech26.robotfactory.acceptance.OrderARobotAcceptanceTest]: OrderARobotAcceptanceTest does not declare any static, non-private, non-final, nested classes annotated with @Configuration.
01:10:50.224 [Test worker] DEBUG org.springframework.test.context.support.ActiveProfilesUtils - Could not find an 'annotation declaring class' for annotation type [org.springframework.test.context.ActiveProfiles] and class [de.tech26.robotfactory.acceptance.OrderARobotAcceptanceTest]
01:10:50.332 [Test worker] DEBUG org.springframework.context.annotation.ClassPathScanningCandidateComponentProvider - Identified candidate component class: file [/Users/furkansahin/Downloads/robot-factory/build/classes/java/main/de/tech26/robotfactory/RobotfactoryApplication.class]
01:10:50.333 [Test worker] INFO org.springframework.boot.test.context.SpringBootTestContextBootstrapper - Found @SpringBootConfiguration de.tech26.robotfactory.RobotfactoryApplication for test class de.tech26.robotfactory.acceptance.OrderARobotAcceptanceTest
01:10:50.490 [Test worker] DEBUG org.springframework.boot.test.context.SpringBootTestContextBootstrapper - @TestExecutionListeners is not present for class [de.tech26.robotfactory.acceptance.OrderARobotAcceptanceTest]: using defaults.
01:10:50.490 [Test worker] INFO org.springframework.boot.test.context.SpringBootTestContextBootstrapper - Loaded default TestExecutionListener class names from location [META-INF/spring.factories]: [com.ninjasquad.springmockk.MockkTestExecutionListener, com.ninjasquad.springmockk.ClearMocksTestExecutionListener, org.springframework.boot.test.autoconfigure.restdocs.RestDocsTestExecutionListener, org.springframework.boot.test.autoconfigure.web.client.MockRestServiceServerResetTestExecutionListener, org.springframework.boot.test.autoconfigure.web.servlet.MockMvcPrintOnlyOnFailureTestExecutionListener, org.springframework.boot.test.autoconfigure.web.servlet.WebDriverTestExecutionListener, org.springframework.boot.test.mock.mockito.MockitoTestExecutionListener, org.springframework.boot.test.mock.mockito.ResetMocksTestExecutionListener, org.springframework.test.context.web.ServletTestExecutionListener, org.springframework.test.context.support.DirtiesContextBeforeModesTestExecutionListener, org.springframework.test.context.support.DependencyInjectionTestExecutionListener, org.springframework.test.context.support.DirtiesContextTestExecutionListener, org.springframework.test.context.transaction.TransactionalTestExecutionListener, org.springframework.test.context.jdbc.SqlScriptsTestExecutionListener, org.springframework.test.context.event.EventPublishingTestExecutionListener]
01:10:51.106 [Test worker] DEBUG org.springframework.boot.test.context.SpringBootTestContextBootstrapper - Skipping candidate TestExecutionListener [org.springframework.test.context.transaction.TransactionalTestExecutionListener] due to a missing dependency. Specify custom listener classes or make the default listener classes and their required dependencies available. Offending class: [org/springframework/transaction/TransactionDefinition]
01:10:51.106 [Test worker] DEBUG org.springframework.boot.test.context.SpringBootTestContextBootstrapper - Skipping candidate TestExecutionListener [org.springframework.test.context.jdbc.SqlScriptsTestExecutionListener] due to a missing dependency. Specify custom listener classes or make the default listener classes and their required dependencies available. Offending class: [org/springframework/transaction/interceptor/TransactionAttribute]
01:10:51.107 [Test worker] INFO org.springframework.boot.test.context.SpringBootTestContextBootstrapper - Using TestExecutionListeners: [org.springframework.test.context.web.ServletTestExecutionListener@67996323, org.springframework.test.context.support.DirtiesContextBeforeModesTestExecutionListener@71e2cca2, com.ninjasquad.springmockk.MockkTestExecutionListener@3b8ed321, org.springframework.boot.test.mock.mockito.MockitoTestExecutionListener@197c9e71, org.springframework.boot.test.autoconfigure.SpringBootDependencyInjectionTestExecutionListener@35d06606, org.springframework.test.context.support.DirtiesContextTestExecutionListener@52b03bc2, org.springframework.test.context.event.EventPublishingTestExecutionListener@1f6aed6e, com.ninjasquad.springmockk.ClearMocksTestExecutionListener@621877e4, org.springframework.boot.test.autoconfigure.restdocs.RestDocsTestExecutionListener@544eddf7, org.springframework.boot.test.autoconfigure.web.client.MockRestServiceServerResetTestExecutionListener@7739297, org.springframework.boot.test.autoconfigure.web.servlet.MockMvcPrintOnlyOnFailureTestExecutionListener@4f3a0e8a, org.springframework.boot.test.autoconfigure.web.servlet.WebDriverTestExecutionListener@6ebcf7de, org.springframework.boot.test.mock.mockito.ResetMocksTestExecutionListener@4c3f3e9b]
01:10:51.112 [Test worker] DEBUG org.springframework.test.context.support.AbstractDirtiesContextTestExecutionListener - Before test class: context [DefaultTestContext@7d6666f7 testClass = OrderARobotAcceptanceTest, testInstance = [null], testMethod = [null], testException = [null], mergedContextConfiguration = [WebMergedContextConfiguration@618fb0e8 testClass = OrderARobotAcceptanceTest, locations = '{}', classes = '{class de.tech26.robotfactory.RobotfactoryApplication}', contextInitializerClasses = '[]', activeProfiles = '{}', propertySourceLocations = '{}', propertySourceProperties = '{org.springframework.boot.test.context.SpringBootTestContextBootstrapper=true, server.port=0}', contextCustomizers = set[MockkContextCustomizer(definitions=[]), org.springframework.boot.test.autoconfigure.properties.PropertyMappingContextCustomizer@0, org.springframework.boot.test.autoconfigure.web.servlet.WebDriverContextCustomizerFactory$Customizer@6e000015, org.springframework.boot.test.context.filter.ExcludeFilterContextCustomizer@3ee0a5a8, org.springframework.boot.test.json.DuplicateJsonObjectContextCustomizerFactory$DuplicateJsonObjectContextCustomizer@723a338, org.springframework.boot.test.mock.mockito.MockitoContextCustomizer@0, org.springframework.boot.test.web.client.TestRestTemplateContextCustomizer@772b81cd], resourceBasePath = 'src/main/webapp', contextLoader = 'org.springframework.boot.test.context.SpringBootContextLoader', parent = [null]], attributes = map['org.springframework.test.context.web.ServletTestExecutionListener.activateListener' -> false]], class annotated with @DirtiesContext [false] with mode [null].
01:10:51.273 [Test worker] DEBUG org.springframework.test.context.support.DependencyInjectionTestExecutionListener - Performing dependency injection for test context [[DefaultTestContext@7d6666f7 testClass = OrderARobotAcceptanceTest, testInstance = de.tech26.robotfactory.acceptance.OrderARobotAcceptanceTest@57d5161, testMethod = [null], testException = [null], mergedContextConfiguration = [WebMergedContextConfiguration@618fb0e8 testClass = OrderARobotAcceptanceTest, locations = '{}', classes = '{class de.tech26.robotfactory.RobotfactoryApplication}', contextInitializerClasses = '[]', activeProfiles = '{}', propertySourceLocations = '{}', propertySourceProperties = '{org.springframework.boot.test.context.SpringBootTestContextBootstrapper=true, server.port=0}', contextCustomizers = set[MockkContextCustomizer(definitions=[]), org.springframework.boot.test.autoconfigure.properties.PropertyMappingContextCustomizer@0, org.springframework.boot.test.autoconfigure.web.servlet.WebDriverContextCustomizerFactory$Customizer@6e000015, org.springframework.boot.test.context.filter.ExcludeFilterContextCustomizer@3ee0a5a8, org.springframework.boot.test.json.DuplicateJsonObjectContextCustomizerFactory$DuplicateJsonObjectContextCustomizer@723a338, org.springframework.boot.test.mock.mockito.MockitoContextCustomizer@0, org.springframework.boot.test.web.client.TestRestTemplateContextCustomizer@772b81cd], resourceBasePath = 'src/main/webapp', contextLoader = 'org.springframework.boot.test.context.SpringBootContextLoader', parent = [null]], attributes = map['org.springframework.test.context.web.ServletTestExecutionListener.activateListener' -> false]]].
01:10:51.304 [Test worker] DEBUG org.springframework.test.context.support.TestPropertySourceUtils - Adding inlined properties to environment: {spring.jmx.enabled=false, org.springframework.boot.test.context.SpringBootTestContextBootstrapper=true, server.port=0}

  .   ____          _            __ _ _
 /\\ / ___'_ __ _ _(_)_ __  __ _ \ \ \ \
( ( )\___ | '_ | '_| | '_ \/ _` | \ \ \ \
 \\/  ___)| |_)| | | | | || (_| |  ) ) ) )
  '  |____| .__|_| |_|_| |_\__, | / / / /
 =========|_|==============|___/=/_/_/_/
 :: Spring Boot ::        (v2.2.5.RELEASE)

2021-10-10 01:10:51.670  INFO 18407 --- [    Test worker] d.t.r.a.OrderARobotAcceptanceTest        : Starting OrderARobotAcceptanceTest on Furkans-MacBook-Pro.local with PID 18407 (started by furkansahin in /Users/furkansahin/Downloads/robot-factory)
2021-10-10 01:10:51.672  INFO 18407 --- [    Test worker] d.t.r.a.OrderARobotAcceptanceTest        : No active profile set, falling back to default profiles: default
2021-10-10 01:10:53.240  INFO 18407 --- [    Test worker] o.s.b.w.embedded.tomcat.TomcatWebServer  : Tomcat initialized with port(s): 0 (http)
2021-10-10 01:10:53.259  INFO 18407 --- [    Test worker] o.apache.catalina.core.StandardService   : Starting service [Tomcat]
2021-10-10 01:10:53.260  INFO 18407 --- [    Test worker] org.apache.catalina.core.StandardEngine  : Starting Servlet engine: [Apache Tomcat/9.0.31]
2021-10-10 01:10:53.392  INFO 18407 --- [    Test worker] o.a.c.c.C.[Tomcat].[localhost].[/]       : Initializing Spring embedded WebApplicationContext
2021-10-10 01:10:53.392  INFO 18407 --- [    Test worker] o.s.web.context.ContextLoader            : Root WebApplicationContext: initialization completed in 1394 ms
2021-10-10 01:10:53.716  INFO 18407 --- [    Test worker] o.s.s.concurrent.ThreadPoolTaskExecutor  : Initializing ExecutorService 'applicationTaskExecutor'
2021-10-10 01:10:54.235  INFO 18407 --- [    Test worker] o.s.b.w.embedded.tomcat.TomcatWebServer  : Tomcat started on port(s): 61816 (http) with context path ''
2021-10-10 01:10:54.240  INFO 18407 --- [    Test worker] d.t.r.a.OrderARobotAcceptanceTest        : Started OrderARobotAcceptanceTest in 2.93 seconds (JVM running for 5.182)
2021-10-10 01:10:55.448  INFO 18407 --- [o-auto-1-exec-1] o.a.c.c.C.[Tomcat].[localhost].[/]       : Initializing Spring DispatcherServlet 'dispatcherServlet'
2021-10-10 01:10:55.449  INFO 18407 --- [o-auto-1-exec-1] o.s.web.servlet.DispatcherServlet        : Initializing Servlet 'dispatcherServlet'
2021-10-10 01:10:55.468  INFO 18407 --- [o-auto-1-exec-1] o.s.web.servlet.DispatcherServlet        : Completed initialization in 19 ms
2021-10-10 01:10:56.178  WARN 18407 --- [o-auto-1-exec-2] .w.s.m.s.DefaultHandlerExceptionResolver : Resolved [org.springframework.http.converter.HttpMessageNotReadableException: Invalid JSON input: Cannot deserialize instance of `java.util.ArrayList<java.lang.Object>` out of VALUE_STRING token; nested exception is com.fasterxml.jackson.databind.exc.MismatchedInputException: Cannot deserialize instance of `java.util.ArrayList<java.lang.Object>` out of VALUE_STRING token
 at [Source: (PushbackInputStream); line: 3, column: 39] (through reference chain: de.tech26.robotfactory.model.OrderRequest["components"])]
]]></system-out>
  <system-err><![CDATA[]]></system-err>
</testsuite>
